<?xml version="1.0" encoding="UTF-8"?>
<robot generator="Robot 7.4.1 (Python 3.14.3 on win32)" generated="2026-02-24T11:50:28.567514" rpa="false" schemaversion="5">
<suite id="s1" name="Bdd" source="C:\Users\pedro\OneDrive\Área de Trabalho\aulaRobot\bdd.robot">
<test id="s1-t1" name="Cenario 1: Executar vídeo no site do youtube" line="40">
<kw name="Dado que eu acesso o site do youtube">
<kw name="Open Browser" owner="SeleniumLibrary">
<msg time="2026-02-24T11:50:28.983081" level="INFO">Opening browser 'chrome' to base url 'https://www.youtube.com/'.</msg>
<arg>${URL}</arg>
<arg>${Browser}</arg>
<doc>Opens a new browser instance to the optional ``url``.</doc>
<status status="PASS" start="2026-02-24T11:50:28.982789" elapsed="7.511639"/>
</kw>
<status status="PASS" start="2026-02-24T11:50:28.982053" elapsed="7.513371"/>
</kw>
<kw name="Quando digito o nome da música">
<kw name="Input Text" owner="SeleniumLibrary">
<msg time="2026-02-24T11:50:36.501084" level="INFO">Typing text 'Travis Scott Astrothunder' into text field '//input[@name="search_query"]'.</msg>
<arg>${InputPesquisa}</arg>
<arg>${NomeDaMusica}</arg>
<doc>Types the given ``text`` into the text field identified by ``locator``.</doc>
<status status="PASS" start="2026-02-24T11:50:36.498880" elapsed="1.573982"/>
</kw>
<status status="PASS" start="2026-02-24T11:50:36.497117" elapsed="1.576595"/>
</kw>
<kw name="E clico no botão buscar">
<kw name="Click Element" owner="SeleniumLibrary">
<msg time="2026-02-24T11:50:38.078259" level="INFO">Clicking element '//button[@title="Pesquisar"]'.</msg>
<arg>${ButtonSearch}</arg>
<doc>Click the element identified by ``locator``.</doc>
<status status="PASS" start="2026-02-24T11:50:38.076868" elapsed="1.236981"/>
</kw>
<status status="PASS" start="2026-02-24T11:50:38.075533" elapsed="1.239375"/>
</kw>
<kw name="E clico na primra opção da lista">
<kw name="Wait Until Element Is Visible" owner="SeleniumLibrary">
<arg>${PrimeiraOpcao}</arg>
<arg>10s</arg>
<doc>Waits until the element ``locator`` is visible.</doc>
<status status="PASS" start="2026-02-24T11:50:39.318089" elapsed="1.635068"/>
</kw>
<kw name="Click Element" owner="SeleniumLibrary">
<msg time="2026-02-24T11:50:40.954592" level="INFO">Clicking element '//img[@src="https://i.ytimg.com/vi/Pa67b28h0vY/hq720.jpg?sqp=-oaymwEnCNAFEJQDSFryq4qpAxkIARUAAIhCGAHYAQHiAQoIGBACGAY4AUAB&amp;rs=AOn4CLBsn7zJT78DwwK1R68wvq9V8rL4JQ"]'.</msg>
<arg>${PrimeiraOpcao}</arg>
<doc>Click the element identified by ``locator``.</doc>
<status status="PASS" start="2026-02-24T11:50:40.953780" elapsed="0.870130"/>
</kw>
<status status="PASS" start="2026-02-24T11:50:39.316876" elapsed="2.507319"/>
</kw>
<kw name="Então o vídeo é executado">
<kw name="Wait Until Element Is Visible" owner="SeleniumLibrary">
<arg>${Prova}</arg>
<arg>10s</arg>
<doc>Waits until the element ``locator`` is visible.</doc>
<status status="PASS" start="2026-02-24T11:50:41.825602" elapsed="3.430194"/>
</kw>
<kw name="Element Should Be Visible" owner="SeleniumLibrary">
<msg time="2026-02-24T11:50:45.514975" level="INFO">Element '//div[@id="actions-inner"]' is displayed.</msg>
<arg>${Prova}</arg>
<doc>Verifies that the element identified by ``locator`` is visible.</doc>
<status status="PASS" start="2026-02-24T11:50:45.257096" elapsed="0.258068"/>
</kw>
<kw name="Sleep" owner="BuiltIn">
<msg time="2026-02-24T11:51:00.517081" level="INFO">Slept 15 seconds.</msg>
<arg>15s</arg>
<doc>Pauses the test executed for the given time.</doc>
<status status="PASS" start="2026-02-24T11:50:45.515423" elapsed="15.002216"/>
</kw>
<status status="PASS" start="2026-02-24T11:50:41.824923" elapsed="18.693141"/>
</kw>
<status status="PASS" start="2026-02-24T11:50:28.981121" elapsed="31.537871"/>
</test>
<status status="PASS" start="2026-02-24T11:50:28.573208" elapsed="31.947604"/>
</suite>
<statistics>
<total>
<stat pass="1" fail="0" skip="0">All Tests</stat>
</total>
<tag>
</tag>
<suite>
<stat name="Bdd" id="s1" pass="1" fail="0" skip="0">Bdd</stat>
</suite>
</statistics>
<errors>
</errors>
</robot>
