<?xml version="1.0" encoding="UTF-8"?>
<robot generator="Robot 7.4.1 (Python 3.14.3 on win32)" generated="2026-02-25T13:08:31.630826" rpa="false" schemaversion="5">
<suite id="s1" name="aulaRobot" source="C:\Users\pedro\OneDrive\Área de Trabalho\aulaRobot">
<suite id="s1-s1" name="Bdd" source="C:\Users\pedro\OneDrive\Área de Trabalho\aulaRobot\bdd.robot">
<test id="s1-s1-t1" name="Cenario 1: Executar vídeo no site do youtube" line="40">
<kw name="Dado que eu acesso o site do youtube">
<kw name="Open Browser" owner="SeleniumLibrary">
<msg time="2026-02-25T13:08:32.465285" level="INFO">Opening browser 'chrome' to base url 'https://www.youtube.com/'.</msg>
<arg>${URL}</arg>
<arg>${Browser}</arg>
<doc>Opens a new browser instance to the optional ``url``.</doc>
<status status="PASS" start="2026-02-25T13:08:32.464099" elapsed="9.338718"/>
</kw>
<status status="PASS" start="2026-02-25T13:08:32.462368" elapsed="9.341246"/>
</kw>
<kw name="Quando digito o nome da música">
<kw name="Input Text" owner="SeleniumLibrary">
<msg time="2026-02-25T13:08:41.810495" level="INFO">Typing text 'Travis Scott Astrothunder' into text field '//input[@name="search_query"]'.</msg>
<arg>${InputPesquisa}</arg>
<arg>${NomeDaMusica}</arg>
<doc>Types the given ``text`` into the text field identified by ``locator``.</doc>
<status status="PASS" start="2026-02-25T13:08:41.808553" elapsed="0.872945"/>
</kw>
<status status="PASS" start="2026-02-25T13:08:41.806520" elapsed="0.875386"/>
</kw>
<kw name="E clico no botão buscar">
<kw name="Click Element" owner="SeleniumLibrary">
<msg time="2026-02-25T13:08:42.685559" level="INFO">Clicking element '//button[@title="Pesquisar"]'.</msg>
<arg>${ButtonSearch}</arg>
<doc>Click the element identified by ``locator``.</doc>
<status status="PASS" start="2026-02-25T13:08:42.684075" elapsed="0.307948"/>
</kw>
<status status="PASS" start="2026-02-25T13:08:42.682633" elapsed="0.310073"/>
</kw>
<kw name="E clico na primra opção da lista">
<kw name="Wait Until Element Is Visible" owner="SeleniumLibrary">
<arg>${PrimeiraOpcao}</arg>
<arg>10s</arg>
<doc>Waits until the element ``locator`` is visible.</doc>
<status status="PASS" start="2026-02-25T13:08:42.996372" elapsed="3.564863"/>
</kw>
<kw name="Click Element" owner="SeleniumLibrary">
<msg time="2026-02-25T13:08:46.563705" level="INFO">Clicking element '//img[@src="https://i.ytimg.com/vi/Pa67b28h0vY/hq720.jpg?sqp=-oaymwEnCNAFEJQDSFryq4qpAxkIARUAAIhCGAHYAQHiAQoIGBACGAY4AUAB&amp;rs=AOn4CLBsn7zJT78DwwK1R68wvq9V8rL4JQ"]'.</msg>
<arg>${PrimeiraOpcao}</arg>
<doc>Click the element identified by ``locator``.</doc>
<status status="PASS" start="2026-02-25T13:08:46.562129" elapsed="0.252562"/>
</kw>
<status status="PASS" start="2026-02-25T13:08:42.993917" elapsed="3.821400"/>
</kw>
<kw name="Então o vídeo é executado">
<kw name="Wait Until Element Is Visible" owner="SeleniumLibrary">
<arg>${Prova}</arg>
<arg>10s</arg>
<doc>Waits until the element ``locator`` is visible.</doc>
<status status="PASS" start="2026-02-25T13:08:46.818506" elapsed="2.639133"/>
</kw>
<kw name="Element Should Be Visible" owner="SeleniumLibrary">
<msg time="2026-02-25T13:08:49.681811" level="INFO">Element '//div[@id="actions-inner"]' is displayed.</msg>
<arg>${Prova}</arg>
<doc>Verifies that the element identified by ``locator`` is visible.</doc>
<status status="PASS" start="2026-02-25T13:08:49.458157" elapsed="0.224649"/>
</kw>
<kw name="Sleep" owner="BuiltIn">
<msg time="2026-02-25T13:09:04.688307" level="INFO">Slept 15 seconds.</msg>
<arg>15s</arg>
<doc>Pauses the test executed for the given time.</doc>
<status status="PASS" start="2026-02-25T13:08:49.683903" elapsed="15.005952"/>
</kw>
<status status="PASS" start="2026-02-25T13:08:46.816557" elapsed="17.874000"/>
</kw>
<status status="PASS" start="2026-02-25T13:08:32.428785" elapsed="32.263798"/>
</test>
<status status="PASS" start="2026-02-25T13:08:31.732910" elapsed="33.079434"/>
</suite>
<status status="PASS" start="2026-02-25T13:08:31.643032" elapsed="33.275499"/>
</suite>
<statistics>
<total>
<stat pass="1" fail="0" skip="0">All Tests</stat>
</total>
<tag>
</tag>
<suite>
<stat name="aulaRobot" id="s1" pass="1" fail="0" skip="0">aulaRobot</stat>
<stat name="Bdd" id="s1-s1" pass="1" fail="0" skip="0">aulaRobot.Bdd</stat>
</suite>
</statistics>
<errors>
</errors>
</robot>
